<?xml version="1.0" encoding="UTF-8"?>
<testng-results ignored="0" total="1" passed="1" failed="0" skipped="0">
  <reporter-output>
  </reporter-output>
  <suite started-at="2023-11-07T17:14:12 IST" name="Suite" finished-at="2023-11-07T17:14:14 IST" duration-ms="1689">
    <groups>
    </groups>
    <test started-at="2023-11-07T17:14:12 IST" name="Annotations" finished-at="2023-11-07T17:14:14 IST" duration-ms="1689">
      <class name="testngBeforesuite.Loginclass">
        <test-method is-config="true" signature="LaunchBrowser()[pri:0, instance:testngBeforesuite.Loginclass@5b22b970]" started-at="2023-11-07T17:14:12 IST" name="LaunchBrowser" finished-at="2023-11-07T17:14:12 IST" duration-ms="726" status="PASS">
          <reporter-output>
          </reporter-output>
        </test-method> <!-- LaunchBrowser -->
        <test-method signature="checkLogin(java.lang.String,java.lang.String)[pri:0, instance:testngBeforesuite.Loginclass@5b22b970]" started-at="2023-11-07T17:14:13 IST" name="checkLogin" finished-at="2023-11-07T17:14:14 IST" duration-ms="1633" status="PASS">
          <params>
            <param index="0">
              <value>
                <![CDATA[Karthick]]>
              </value>
            </param>
            <param index="1">
              <value>
                <![CDATA[Y2j@1971]]>
              </value>
            </param>
          </params>
          <reporter-output>
          </reporter-output>
        </test-method> <!-- checkLogin -->
        <test-method is-config="true" signature="Closingbrowseroperations()[pri:0, instance:testngBeforesuite.Loginclass@5b22b970]" started-at="2023-11-07T17:14:14 IST" name="Closingbrowseroperations" finished-at="2023-11-07T17:14:15 IST" duration-ms="444" status="PASS">
          <reporter-output>
          </reporter-output>
        </test-method> <!-- Closingbrowseroperations -->
      </class> <!-- testngBeforesuite.Loginclass -->
    </test> <!-- Annotations -->
  </suite> <!-- Suite -->
</testng-results>
