<?xml version="1.0" encoding="UTF-8"?>
<testng-results ignored="0" total="1" passed="1" failed="0" skipped="0">
  <reporter-output>
  </reporter-output>
  <suite started-at="2024-09-23T19:51:17 IST" name="Default suite" finished-at="2024-09-23T19:51:18 IST" duration-ms="443">
    <groups>
    </groups>
    <test started-at="2024-09-23T19:51:17 IST" name="Default test" finished-at="2024-09-23T19:51:18 IST" duration-ms="443">
      <class name="testngBeforesuite.Loginclass">
        <test-method is-config="true" signature="LaunchBrowser()[pri:0, instance:testngBeforesuite.Loginclass@22d1886d]" started-at="2024-09-23T19:51:17 IST" name="LaunchBrowser" finished-at="2024-09-23T19:51:17 IST" duration-ms="244" status="PASS">
          <reporter-output>
          </reporter-output>
        </test-method> <!-- LaunchBrowser -->
        <test-method signature="checkLogin(java.lang.String,java.lang.String)[pri:0, instance:testngBeforesuite.Loginclass@22d1886d]" started-at="2024-09-23T19:51:17 IST" name="checkLogin" finished-at="2024-09-23T19:51:18 IST" duration-ms="384" status="PASS">
          <params>
            <param index="0">
              <value>
                <![CDATA[defaultUser]]>
              </value>
            </param>
            <param index="1">
              <value>
                <![CDATA[defaultPass]]>
              </value>
            </param>
          </params>
          <reporter-output>
          </reporter-output>
        </test-method> <!-- checkLogin -->
        <test-method is-config="true" signature="Closingbrowseroperations()[pri:0, instance:testngBeforesuite.Loginclass@22d1886d]" started-at="2024-09-23T19:51:18 IST" name="Closingbrowseroperations" finished-at="2024-09-23T19:51:21 IST" duration-ms="3331" status="PASS">
          <reporter-output>
          </reporter-output>
        </test-method> <!-- Closingbrowseroperations -->
      </class> <!-- testngBeforesuite.Loginclass -->
    </test> <!-- Default test -->
  </suite> <!-- Default suite -->
</testng-results>
