<?xml version="1.0" encoding="UTF-8"?>
<testng-results ignored="2" total="3" passed="1" failed="0" skipped="0">
  <reporter-output>
  </reporter-output>
  <suite started-at="2024-01-13T21:20:42 IST" name="Default suite" finished-at="2024-01-13T21:20:48 IST" duration-ms="6807">
    <groups>
    </groups>
    <test started-at="2024-01-13T21:20:42 IST" name="Default test" finished-at="2024-01-13T21:20:48 IST" duration-ms="6807">
      <class name="Test_Scenarios.TestMethods_GoogleSearch">
        <test-method is-config="true" signature="beforetest()[pri:0, instance:Test_Scenarios.TestMethods_GoogleSearch@1a75e76a]" started-at="2024-01-13T21:20:42 IST" name="beforetest" finished-at="2024-01-13T21:20:47 IST" duration-ms="5905" status="PASS">
          <reporter-output>
          </reporter-output>
        </test-method> <!-- beforetest -->
        <test-method signature="SearchOperation()[pri:0, instance:Test_Scenarios.TestMethods_GoogleSearch@1a75e76a]" started-at="2024-01-13T21:20:48 IST" name="SearchOperation" finished-at="2024-01-13T21:20:48 IST" duration-ms="301" status="PASS">
          <reporter-output>
          </reporter-output>
        </test-method> <!-- SearchOperation -->
        <test-method is-config="true" signature="aftertest()[pri:0, instance:Test_Scenarios.TestMethods_GoogleSearch@1a75e76a]" started-at="2024-01-13T21:20:48 IST" name="aftertest" finished-at="2024-01-13T21:20:48 IST" duration-ms="490" status="PASS">
          <reporter-output>
          </reporter-output>
        </test-method> <!-- aftertest -->
      </class> <!-- Test_Scenarios.TestMethods_GoogleSearch -->
    </test> <!-- Default test -->
  </suite> <!-- Default suite -->
</testng-results>
