<?xml version="1.0" encoding="UTF-8"?>
<!-- Generated by org.testng.reporters.JUnitXMLReporter -->
<testsuite ignored="1" hostname="NLPULTP7204778" failures="0" tests="2" name="Tests" time="0.044" errors="0" timestamp="2023-11-07T12:36:31 IST">
  <testcase classname="testngBeforesuite.Car_Loan" name="test" time="0.005"/>
  <testcase classname="testngBeforesuite.Home_Loan" name="test2" time="0.001"/>
  <testcase classname="testngBeforesuite.Personal_Loan" name="test3" time="0.0">
    <ignored/>
  </testcase> <!-- test3 -->
</testsuite> <!-- Tests -->
