<?xml version="1.0" encoding="UTF-8"?>
<!-- Generated by org.testng.reporters.JUnitXMLReporter -->
<testsuite ignored="2" hostname="NLPULTP7204778" failures="0" tests="1" name="Default test" time="6.807" errors="0" timestamp="2024-01-13T21:20:48 IST">
  <testcase classname="Test_Scenarios.TestMethods_GoogleSearch" name="SearchOperation" time="0.301"/>
  <testcase classname="Test_Scenarios.TestMethods_GoogleSearch" name="VerifyLoginApp" time="0.0">
    <ignored/>
  </testcase> <!-- VerifyLoginApp -->
  <testcase classname="Test_Scenarios.TestMethods_GoogleSearch" name="VerifyandaccessDemoQA" time="0.0">
    <ignored/>
  </testcase> <!-- VerifyandaccessDemoQA -->
</testsuite> <!-- Default test -->
