<?xml version="1.0" encoding="UTF-8"?>
<!-- Generated by org.testng.reporters.JUnitXMLReporter -->
<testsuite ignored="0" hostname="NLPULTP7204778" failures="0" tests="3" name="Default test" time="61.999" errors="0" timestamp="2024-01-11T16:07:07 IST">
  <testcase classname="Test_Scenarios.TestMethods_GoogleSearch" name="SearchOperation" time="4.325"/>
  <testcase classname="Test_Scenarios.TestMethods_GoogleSearch" name="VerifyandaccessDemoQA" time="44.14"/>
  <testcase classname="Test_Scenarios.TestMethods_GoogleSearch" name="VerifyLoginApp" time="9.382"/>
</testsuite> <!-- Default test -->
